<?xml version="1.0"?>
<!DOCTYPE coverage SYSTEM "http://cobertura.sourceforge.net/xml/coverage-04.dtd">

<coverage line-rate="1.0" branch-rate="0.8846153846153846" lines-covered="46" lines-valid="46" branches-covered="23" branches-valid="26" complexity="3.6666666666666665" version="2.1.1" timestamp="1542009036349">
	<sources>
		<source>--source</source>
		<source>/home/minkyukim/Documents/work/coverchecker/src/main/java</source>
		<source>/home/minkyukim/Documents/work/coverchecker/target/generated-sources/annotations</source>
	</sources>
	<packages>
		<package name="com.naver.nid.cover.cobertura" line-rate="1.0" branch-rate="0.8846153846153846" complexity="3.6666666666666665">
			<classes>
				<class name="com.naver.nid.cover.cobertura.CoberturaCoverageReportHandler" filename="com/naver/nid/cover/parser/coverage/cobertura/CoberturaReportHandler.java" line-rate="1.0" branch-rate="0.8846153846153846" complexity="3.6666666666666665">
					<methods>
						<method name="&lt;clinit&gt;" signature="()V" line-rate="1.0" branch-rate="1.0" complexity="0">
							<lines>
								<line number="22" hits="1" branch="false"/>
							</lines>
						</method>
						<method name="&lt;init&gt;" signature="()V" line-rate="1.0" branch-rate="1.0" complexity="0">
							<lines>
								<line number="21" hits="2" branch="false"/>
								<line number="35" hits="2" branch="false"/>
							</lines>
						</method>
						<method name="endElement" signature="(Ljava/lang/String;Ljava/lang/String;Ljava/lang/String;)V" line-rate="1.0" branch-rate="0.8333333333333334" complexity="0">
							<lines>
								<line number="53" hits="2201" branch="true" condition-coverage="50% (1/2)">
									<conditions>
										<condition number="0" type="jump" coverage="50%"/>
									</conditions>
								</line>
								<line number="54" hits="2201" branch="true" condition-coverage="100% (2/2)">
									<conditions>
										<condition number="0" type="jump" coverage="100%"/>
									</conditions>
								</line>
								<line number="55" hits="219" branch="false"/>
								<line number="56" hits="1982" branch="true" condition-coverage="100% (2/2)">
									<conditions>
										<condition number="0" type="jump" coverage="100%"/>
									</conditions>
								</line>
								<line number="57" hits="33" branch="false"/>
								<line number="58" hits="33" branch="false"/>
								<line number="59" hits="33" branch="false"/>
								<line number="61" hits="2201" branch="false"/>
							</lines>
						</method>
						<method name="getCoverageStatus" signature="(Lorg/xml/sax/Attributes;)Lcom/naver/nid/cover/parser/coverage/model/CoverageStatus;" line-rate="1.0" branch-rate="1.0" complexity="0">
							<lines>
								<line number="81" hits="731" branch="false"/>
								<line number="82" hits="731" branch="false"/>
								<line number="83" hits="731" branch="false"/>
								<line number="85" hits="731" branch="true" condition-coverage="100% (2/2)">
									<conditions>
										<condition number="0" type="jump" coverage="100%"/>
									</conditions>
								</line>
								<line number="86" hits="410" branch="true" condition-coverage="100% (4/4)">
									<conditions>
										<condition number="0" type="jump" coverage="100%"/>
										<condition number="1" type="jump" coverage="100%"/>
									</conditions>
								</line>
								<line number="87" hits="23" branch="false"/>
							</lines>
						</method>
						<method name="getReportList" signature="()Ljava/util/List;" line-rate="1.0" branch-rate="1.0" complexity="0">
							<lines>
								<line number="114" hits="2" branch="false"/>
							</lines>
						</method>
						<method name="initClass" signature="(Lorg/xml/sax/Attributes;)V" line-rate="1.0" branch-rate="0.75" complexity="0">
							<lines>
								<line number="96" hits="33" branch="false"/>
								<line number="97" hits="33" branch="true" condition-coverage="50% (1/2)">
									<conditions>
										<condition number="0" type="jump" coverage="50%"/>
									</conditions>
								</line>
								<line number="98" hits="33" branch="false"/>
								<line number="100" hits="33" branch="true" condition-coverage="100% (2/2)">
									<conditions>
										<condition number="0" type="jump" coverage="100%"/>
									</conditions>
								</line>
								<line number="101" hits="2" branch="false"/>
								<line number="102" hits="2" branch="false"/>
								<line number="104" hits="31" branch="false"/>
								<line number="105" hits="31" branch="false"/>
								<line number="107" hits="31" branch="false"/>
								<line number="108" hits="31" branch="false"/>
								<line number="109" hits="31" branch="false"/>
								<line number="111" hits="33" branch="false"/>
							</lines>
						</method>
						<method name="initLine" signature="(Lorg/xml/sax/Attributes;)V" line-rate="1.0" branch-rate="1.0" complexity="0">
							<lines>
								<line number="64" hits="1386" branch="true" condition-coverage="100% (2/2)">
									<conditions>
										<condition number="0" type="jump" coverage="100%"/>
									</conditions>
								</line>
								<line number="66" hits="731" branch="false"/>
								<line number="67" hits="731" branch="false"/>
								<line number="68" hits="731" branch="false"/>
								<line number="69" hits="731" branch="false"/>
								<line number="70" hits="731" branch="false"/>
								<line number="71" hits="731" branch="false"/>
								<line number="72" hits="731" branch="false"/>
							</lines>
						</method>
						<method name="startElement" signature="(Ljava/lang/String;Ljava/lang/String;Ljava/lang/String;Lorg/xml/sax/Attributes;)V" line-rate="1.0" branch-rate="0.875" complexity="0">
							<lines>
								<line number="41" hits="2201" branch="true" condition-coverage="50% (1/2)">
									<conditions>
										<condition number="0" type="jump" coverage="50%"/>
									</conditions>
								</line>
								<line number="42" hits="2201" branch="true" condition-coverage="100% (2/2)">
									<conditions>
										<condition number="0" type="jump" coverage="100%"/>
									</conditions>
								</line>
								<line number="43" hits="33" branch="false"/>
								<line number="44" hits="2168" branch="true" condition-coverage="100% (2/2)">
									<conditions>
										<condition number="0" type="jump" coverage="100%"/>
									</conditions>
								</line>
								<line number="45" hits="219" branch="false"/>
								<line number="46" hits="1949" branch="true" condition-coverage="100% (2/2)">
									<conditions>
										<condition number="0" type="jump" coverage="100%"/>
									</conditions>
								</line>
								<line number="47" hits="1386" branch="false"/>
								<line number="49" hits="2201" branch="false"/>
							</lines>
						</method>
					</methods>
					<lines>
						<line number="21" hits="2" branch="false"/>
						<line number="22" hits="1" branch="false"/>
						<line number="35" hits="2" branch="false"/>
						<line number="41" hits="2201" branch="true" condition-coverage="50% (1/2)">
							<conditions>
								<condition number="0" type="jump" coverage="50%"/>
							</conditions>
						</line>
						<line number="42" hits="2201" branch="true" condition-coverage="100% (2/2)">
							<conditions>
								<condition number="0" type="jump" coverage="100%"/>
							</conditions>
						</line>
						<line number="43" hits="33" branch="false"/>
						<line number="44" hits="2168" branch="true" condition-coverage="100% (2/2)">
							<conditions>
								<condition number="0" type="jump" coverage="100%"/>
							</conditions>
						</line>
						<line number="45" hits="219" branch="false"/>
						<line number="46" hits="1949" branch="true" condition-coverage="100% (2/2)">
							<conditions>
								<condition number="0" type="jump" coverage="100%"/>
							</conditions>
						</line>
						<line number="47" hits="1386" branch="false"/>
						<line number="49" hits="2201" branch="false"/>
						<line number="53" hits="2201" branch="true" condition-coverage="50% (1/2)">
							<conditions>
								<condition number="0" type="jump" coverage="50%"/>
							</conditions>
						</line>
						<line number="54" hits="2201" branch="true" condition-coverage="100% (2/2)">
							<conditions>
								<condition number="0" type="jump" coverage="100%"/>
							</conditions>
						</line>
						<line number="55" hits="219" branch="false"/>
						<line number="56" hits="1982" branch="true" condition-coverage="100% (2/2)">
							<conditions>
								<condition number="0" type="jump" coverage="100%"/>
							</conditions>
						</line>
						<line number="57" hits="33" branch="false"/>
						<line number="58" hits="33" branch="false"/>
						<line number="59" hits="33" branch="false"/>
						<line number="61" hits="2201" branch="false"/>
						<line number="64" hits="1386" branch="true" condition-coverage="100% (2/2)">
							<conditions>
								<condition number="0" type="jump" coverage="100%"/>
							</conditions>
						</line>
						<line number="66" hits="731" branch="false"/>
						<line number="67" hits="731" branch="false"/>
						<line number="68" hits="731" branch="false"/>
						<line number="69" hits="731" branch="false"/>
						<line number="70" hits="731" branch="false"/>
						<line number="71" hits="731" branch="false"/>
						<line number="72" hits="731" branch="false"/>
						<line number="81" hits="731" branch="false"/>
						<line number="82" hits="731" branch="false"/>
						<line number="83" hits="731" branch="false"/>
						<line number="85" hits="731" branch="true" condition-coverage="100% (2/2)">
							<conditions>
								<condition number="0" type="jump" coverage="100%"/>
							</conditions>
						</line>
						<line number="86" hits="410" branch="true" condition-coverage="100% (4/4)">
							<conditions>
								<condition number="0" type="jump" coverage="100%"/>
								<condition number="1" type="jump" coverage="100%"/>
							</conditions>
						</line>
						<line number="87" hits="23" branch="false"/>
						<line number="96" hits="33" branch="false"/>
						<line number="97" hits="33" branch="true" condition-coverage="50% (1/2)">
							<conditions>
								<condition number="0" type="jump" coverage="50%"/>
							</conditions>
						</line>
						<line number="98" hits="33" branch="false"/>
						<line number="100" hits="33" branch="true" condition-coverage="100% (2/2)">
							<conditions>
								<condition number="0" type="jump" coverage="100%"/>
							</conditions>
						</line>
						<line number="101" hits="2" branch="false"/>
						<line number="102" hits="2" branch="false"/>
						<line number="104" hits="31" branch="false"/>
						<line number="105" hits="31" branch="false"/>
						<line number="107" hits="31" branch="false"/>
						<line number="108" hits="31" branch="false"/>
						<line number="109" hits="31" branch="false"/>
						<line number="111" hits="33" branch="false"/>
						<line number="114" hits="2" branch="false"/>
					</lines>
				</class>
			</classes>
		</package>
	</packages>
</coverage>
